2022-02-11 00:06:03.811  INFO 4829 --- [restartedMain] t.b.deivis.TestBackenDeivisApplication   : Starting TestBackenDeivisApplication using Java 17.0.1 on deivis-HP-2000-Notebook-PC with PID 4829 (/home/deivis/Documents/workspace-spring-tool-suite-4/test_backen_deivis/target/classes started by deivis in /home/deivis/Documents/workspace-spring-tool-suite-4/test_backen_deivis)
2022-02-11 00:06:03.815  INFO 4829 --- [restartedMain] t.b.deivis.TestBackenDeivisApplication   : No active profile set, falling back to default profiles: default
2022-02-11 00:06:03.960  INFO 4829 --- [restartedMain] .e.DevToolsPropertyDefaultsPostProcessor : Devtools property defaults active! Set 'spring.devtools.add-properties' to 'false' to disable
2022-02-11 00:06:03.960  INFO 4829 --- [restartedMain] .e.DevToolsPropertyDefaultsPostProcessor : For additional web related logging consider setting the 'logging.level.web' property to 'DEBUG'
2022-02-11 00:06:05.055  INFO 4829 --- [restartedMain] .s.d.r.c.RepositoryConfigurationDelegate : Bootstrapping Spring Data JPA repositories in DEFAULT mode.
2022-02-11 00:06:05.165  INFO 4829 --- [restartedMain] .s.d.r.c.RepositoryConfigurationDelegate : Finished Spring Data repository scanning in 94 ms. Found 5 JPA repository interfaces.
2022-02-11 00:06:06.230  INFO 4829 --- [restartedMain] o.s.b.w.embedded.tomcat.TomcatWebServer  : Tomcat initialized with port(s): 8080 (http)
2022-02-11 00:06:06.247  INFO 4829 --- [restartedMain] o.apache.catalina.core.StandardService   : Starting service [Tomcat]
2022-02-11 00:06:06.248  INFO 4829 --- [restartedMain] org.apache.catalina.core.StandardEngine  : Starting Servlet engine: [Apache Tomcat/9.0.56]
2022-02-11 00:06:06.379  INFO 4829 --- [restartedMain] o.a.c.c.C.[Tomcat].[localhost].[/]       : Initializing Spring embedded WebApplicationContext
2022-02-11 00:06:06.380  INFO 4829 --- [restartedMain] w.s.c.ServletWebServerApplicationContext : Root WebApplicationContext: initialization completed in 2419 ms
2022-02-11 00:06:06.687  INFO 4829 --- [restartedMain] o.hibernate.jpa.internal.util.LogHelper  : HHH000204: Processing PersistenceUnitInfo [name: default]
2022-02-11 00:06:06.756  INFO 4829 --- [restartedMain] org.hibernate.Version                    : HHH000412: Hibernate ORM core version 5.6.4.Final
2022-02-11 00:06:06.984  INFO 4829 --- [restartedMain] o.hibernate.annotations.common.Version   : HCANN000001: Hibernate Commons Annotations {5.1.2.Final}
2022-02-11 00:06:07.132  INFO 4829 --- [restartedMain] com.zaxxer.hikari.HikariDataSource       : HikariPool-1 - Starting...
2022-02-11 00:06:07.704  INFO 4829 --- [restartedMain] com.zaxxer.hikari.HikariDataSource       : HikariPool-1 - Start completed.
2022-02-11 00:06:07.735  INFO 4829 --- [restartedMain] org.hibernate.dialect.Dialect            : HHH000400: Using dialect: org.hibernate.dialect.PostgreSQLDialect
2022-02-11 00:06:09.177  INFO 4829 --- [restartedMain] o.h.e.t.j.p.i.JtaPlatformInitiator       : HHH000490: Using JtaPlatform implementation: [org.hibernate.engine.transaction.jta.platform.internal.NoJtaPlatform]
2022-02-11 00:06:09.192  INFO 4829 --- [restartedMain] j.LocalContainerEntityManagerFactoryBean : Initialized JPA EntityManagerFactory for persistence unit 'default'
2022-02-11 00:06:10.057  WARN 4829 --- [restartedMain] JpaBaseConfiguration$JpaWebConfiguration : spring.jpa.open-in-view is enabled by default. Therefore, database queries may be performed during view rendering. Explicitly configure spring.jpa.open-in-view to disable this warning
2022-02-11 00:06:10.676  INFO 4829 --- [restartedMain] o.s.b.d.a.OptionalLiveReloadServer       : LiveReload server is running on port 35729
2022-02-11 00:06:10.733  INFO 4829 --- [restartedMain] o.s.b.w.embedded.tomcat.TomcatWebServer  : Tomcat started on port(s): 8080 (http) with context path ''
2022-02-11 00:06:10.755  INFO 4829 --- [restartedMain] t.b.deivis.TestBackenDeivisApplication   : Started TestBackenDeivisApplication in 7.967 seconds (JVM running for 9.525)
2022-02-11 00:10:21.368  INFO 4829 --- [Thread-5] j.LocalContainerEntityManagerFactoryBean : Closing JPA EntityManagerFactory for persistence unit 'default'
2022-02-11 00:10:21.464  INFO 4829 --- [Thread-5] com.zaxxer.hikari.HikariDataSource       : HikariPool-1 - Shutdown initiated...
2022-02-11 00:10:21.665  INFO 4829 --- [Thread-5] com.zaxxer.hikari.HikariDataSource       : HikariPool-1 - Shutdown completed.
2022-02-11 00:10:22.412  INFO 4829 --- [restartedMain] t.b.deivis.TestBackenDeivisApplication   : Starting TestBackenDeivisApplication using Java 17.0.1 on deivis-HP-2000-Notebook-PC with PID 4829 (/home/deivis/Documents/workspace-spring-tool-suite-4/test_backen_deivis/target/classes started by deivis in /home/deivis/Documents/workspace-spring-tool-suite-4/test_backen_deivis)
2022-02-11 00:10:22.412  INFO 4829 --- [restartedMain] t.b.deivis.TestBackenDeivisApplication   : No active profile set, falling back to default profiles: default
2022-02-11 00:10:24.162  INFO 4829 --- [restartedMain] .s.d.r.c.RepositoryConfigurationDelegate : Bootstrapping Spring Data JPA repositories in DEFAULT mode.
2022-02-11 00:10:24.299  INFO 4829 --- [restartedMain] .s.d.r.c.RepositoryConfigurationDelegate : Finished Spring Data repository scanning in 135 ms. Found 5 JPA repository interfaces.
2022-02-11 00:10:24.765  INFO 4829 --- [restartedMain] o.s.b.w.embedded.tomcat.TomcatWebServer  : Tomcat initialized with port(s): 8080 (http)
2022-02-11 00:10:24.767  INFO 4829 --- [restartedMain] o.apache.catalina.core.StandardService   : Starting service [Tomcat]
2022-02-11 00:10:24.768  INFO 4829 --- [restartedMain] org.apache.catalina.core.StandardEngine  : Starting Servlet engine: [Apache Tomcat/9.0.56]
2022-02-11 00:10:24.892  INFO 4829 --- [restartedMain] o.a.c.c.C.[Tomcat].[localhost].[/]       : Initializing Spring embedded WebApplicationContext
2022-02-11 00:10:24.892  INFO 4829 --- [restartedMain] w.s.c.ServletWebServerApplicationContext : Root WebApplicationContext: initialization completed in 2475 ms
2022-02-11 00:10:24.967  INFO 4829 --- [restartedMain] o.hibernate.jpa.internal.util.LogHelper  : HHH000204: Processing PersistenceUnitInfo [name: default]
2022-02-11 00:10:24.974  INFO 4829 --- [restartedMain] com.zaxxer.hikari.HikariDataSource       : HikariPool-2 - Starting...
2022-02-11 00:10:25.139  INFO 4829 --- [restartedMain] com.zaxxer.hikari.HikariDataSource       : HikariPool-2 - Start completed.
2022-02-11 00:10:25.139  INFO 4829 --- [restartedMain] org.hibernate.dialect.Dialect            : HHH000400: Using dialect: org.hibernate.dialect.PostgreSQLDialect
2022-02-11 00:10:25.540  INFO 4829 --- [restartedMain] o.h.e.t.j.p.i.JtaPlatformInitiator       : HHH000490: Using JtaPlatform implementation: [org.hibernate.engine.transaction.jta.platform.internal.NoJtaPlatform]
2022-02-11 00:10:25.541  INFO 4829 --- [restartedMain] j.LocalContainerEntityManagerFactoryBean : Initialized JPA EntityManagerFactory for persistence unit 'default'
2022-02-11 00:10:25.998  WARN 4829 --- [restartedMain] JpaBaseConfiguration$JpaWebConfiguration : spring.jpa.open-in-view is enabled by default. Therefore, database queries may be performed during view rendering. Explicitly configure spring.jpa.open-in-view to disable this warning
2022-02-11 00:10:26.171  INFO 4829 --- [restartedMain] o.s.b.d.a.OptionalLiveReloadServer       : LiveReload server is running on port 35729
2022-02-11 00:10:26.190  INFO 4829 --- [restartedMain] o.s.b.w.embedded.tomcat.TomcatWebServer  : Tomcat started on port(s): 8080 (http) with context path ''
2022-02-11 00:10:26.199  INFO 4829 --- [restartedMain] t.b.deivis.TestBackenDeivisApplication   : Started TestBackenDeivisApplication in 3.953 seconds (JVM running for 264.968)
2022-02-11 00:10:26.202  INFO 4829 --- [restartedMain] .ConditionEvaluationDeltaLoggingListener : Condition evaluation unchanged
2022-02-11 00:15:35.300  INFO 4829 --- [Thread-7] j.LocalContainerEntityManagerFactoryBean : Closing JPA EntityManagerFactory for persistence unit 'default'
2022-02-11 00:15:35.448  INFO 4829 --- [Thread-7] com.zaxxer.hikari.HikariDataSource       : HikariPool-2 - Shutdown initiated...
2022-02-11 00:15:35.561  INFO 4829 --- [Thread-7] com.zaxxer.hikari.HikariDataSource       : HikariPool-2 - Shutdown completed.
